<?xml version="1.0" encoding="UTF-8"?>
<!-- Generated by org.testng.reporters.JUnitXMLReporter -->
<testsuite hostname="DESKTOP-JKHHQVR" name="Default test" tests="4" failures="0" timestamp="3 Jan 2020 10:44:31 GMT" time="5.44" errors="0">
  <testcase name="clickwomen" time="4.812" classname="TestPage.hometest"/>
  <testcase name="verifylarge" time="0.34" classname="TestPage.hometest"/>
  <testcase name="verifymedium" time="0.12" classname="TestPage.hometest"/>
  <testcase name="verifysmall" time="0.076" classname="TestPage.hometest"/>
</testsuite> <!-- Default test -->
